0 info it worked if it ends with ok
1 verbose cli [ '/usr/bin/node', '/usr/bin/npm', 'run', 'dev' ]
2 info using npm@3.10.10
3 info using node@v6.12.3
4 verbose run-script [ 'predev', 'dev', 'postdev' ]
5 info lifecycle capivarajs@1.7.0-beta~predev: capivarajs@1.7.0-beta
6 silly lifecycle capivarajs@1.7.0-beta~predev: no script for predev, continuing
7 info lifecycle capivarajs@1.7.0-beta~dev: capivarajs@1.7.0-beta
8 verbose lifecycle capivarajs@1.7.0-beta~dev: unsafe-perm in lifecycle true
9 verbose lifecycle capivarajs@1.7.0-beta~dev: PATH: /usr/lib/node_modules/npm/bin/node-gyp-bin:/media/mateus/hd/capivara/capivarajs/node_modules/.bin:/usr/local/sbin:/usr/local/bin:/usr/sbin:/usr/bin:/sbin:/bin:/usr/games:/usr/local/games:/snap/bin:/usr/local/go/bin:/usr/local/go/bin:/usr/local/go/bin:/usr/local/go/bin:/home/mateus/Android/Sdk/tools:/home/mateus/Android/Sdk/platform-tools
10 verbose lifecycle capivarajs@1.7.0-beta~dev: CWD: /media/mateus/hd/capivara/capivarajs
11 silly lifecycle capivarajs@1.7.0-beta~dev: Args: [ '-c', 'webpack-dev-server --config ./webpack.config.js' ]
12 silly lifecycle capivarajs@1.7.0-beta~dev: Returned: code: 1  signal: null
13 info lifecycle capivarajs@1.7.0-beta~dev: Failed to exec dev script
14 verbose stack Error: capivarajs@1.7.0-beta dev: `webpack-dev-server --config ./webpack.config.js`
14 verbose stack Exit status 1
14 verbose stack     at EventEmitter.<anonymous> (/usr/lib/node_modules/npm/lib/utils/lifecycle.js:255:16)
14 verbose stack     at emitTwo (events.js:106:13)
14 verbose stack     at EventEmitter.emit (events.js:191:7)
14 verbose stack     at ChildProcess.<anonymous> (/usr/lib/node_modules/npm/lib/utils/spawn.js:40:14)
14 verbose stack     at emitTwo (events.js:106:13)
14 verbose stack     at ChildProcess.emit (events.js:191:7)
14 verbose stack     at maybeClose (internal/child_process.js:920:16)
14 verbose stack     at Process.ChildProcess._handle.onexit (internal/child_process.js:230:5)
15 verbose pkgid capivarajs@1.7.0-beta
16 verbose cwd /media/mateus/hd/capivara/capivarajs
17 error Linux 4.4.0-112-generic
18 error argv "/usr/bin/node" "/usr/bin/npm" "run" "dev"
19 error node v6.12.3
20 error npm  v3.10.10
21 error code ELIFECYCLE
22 error capivarajs@1.7.0-beta dev: `webpack-dev-server --config ./webpack.config.js`
22 error Exit status 1
23 error Failed at the capivarajs@1.7.0-beta dev script 'webpack-dev-server --config ./webpack.config.js'.
23 error Make sure you have the latest version of node.js and npm installed.
23 error If you do, this is most likely a problem with the capivarajs package,
23 error not with npm itself.
23 error Tell the author that this fails on your system:
23 error     webpack-dev-server --config ./webpack.config.js
23 error You can get information on how to open an issue for this project with:
23 error     npm bugs capivarajs
23 error Or if that isn't available, you can get their info via:
23 error     npm owner ls capivarajs
23 error There is likely additional logging output above.
24 verbose exit [ 1, true ]
