[INFO  - 2018-03-26T13:34:20.115Z] GhostDriver - Main - running on port 26786
[INFO  - 2018-03-26T13:34:20.284Z] Session [636c7690-30fa-11e8-a01a-59994fac05c8] - page.settings - {"XSSAuditingEnabled":false,"javascriptCanCloseWindows":true,"javascriptCanOpenWindows":true,"javascriptEnabled":true,"loadImages":true,"localToRemoteUrlAccessEnabled":false,"userAgent":"Mozilla/5.0 (X11; Linux x86_64) AppleWebKit/538.1 (KHTML, like Gecko) PhantomJS/2.1.1 Safari/538.1"}
[INFO  - 2018-03-26T13:34:20.284Z] Session [636c7690-30fa-11e8-a01a-59994fac05c8] - page.customHeaders:  - {}
[INFO  - 2018-03-26T13:34:20.284Z] Session [636c7690-30fa-11e8-a01a-59994fac05c8] - Session.negotiatedCapabilities - {"browserName":"phantomjs","version":"2.1.1","driverName":"ghostdriver","driverVersion":"1.2.0","platform":"linux-unknown-64bit","javascriptEnabled":true,"takesScreenshot":true,"handlesAlerts":false,"databaseEnabled":false,"locationContextEnabled":false,"applicationCacheEnabled":false,"browserConnectionEnabled":false,"cssSelectorsEnabled":true,"webStorageEnabled":false,"rotatable":false,"acceptSslCerts":false,"nativeEvents":true,"proxy":{"proxyType":"direct"}}
[INFO  - 2018-03-26T13:34:20.284Z] SessionManagerReqHand - _postNewSessionCommand - New Session Created: 636c7690-30fa-11e8-a01a-59994fac05c8
[ERROR - 2018-03-26T13:34:20.524Z] RouterReqHand - _handle.error - {"line":40,"stack":"get\n_find\n_locateElements\n_handleLocateCommand\n_handle\n_reroute\n_handle"}
[ERROR - 2018-03-26T13:34:21.982Z] RouterReqHand - _handle.error - {"line":40,"stack":"get\n_find\n_locateElements\n_handleLocateCommand\n_handle\n_reroute\n_handle"}
[ERROR - 2018-03-26T13:34:23.232Z] RouterReqHand - _handle.error - {"line":40,"stack":"get\n_find\n_locateElements\n_handleLocateCommand\n_handle\n_reroute\n_handle"}
[ERROR - 2018-03-26T13:34:24.753Z] RouterReqHand - _handle.error - {"line":40,"stack":"get\n_find\n_locateElements\n_handleLocateCommand\n_handle\n_reroute\n_handle"}
[ERROR - 2018-03-26T13:34:25.991Z] RouterReqHand - _handle.error - {"line":40,"stack":"get\n_find\n_locateElements\n_handleLocateCommand\n_handle\n_reroute\n_handle"}
[ERROR - 2018-03-26T13:34:27.487Z] RouterReqHand - _handle.error - {"line":40,"stack":"get\n_find\n_locateElements\n_handleLocateCommand\n_handle\n_reroute\n_handle"}
[ERROR - 2018-03-26T13:34:28.676Z] RouterReqHand - _handle.error - {"line":40,"stack":"get\n_find\n_locateElements\n_handleLocateCommand\n_handle\n_reroute\n_handle"}
[ERROR - 2018-03-26T13:34:29.881Z] RouterReqHand - _handle.error - {"line":40,"stack":"get\n_find\n_locateElements\n_handleLocateCommand\n_handle\n_reroute\n_handle"}
[INFO  - 2018-03-26T13:34:30.861Z] ShutdownReqHand - _handle - About to shutdown
[INFO  - 2018-03-26T13:40:21.163Z] GhostDriver - Main - running on port 6235
[INFO  - 2018-03-26T13:40:21.336Z] Session [3aa0c760-30fb-11e8-a968-e121b6d45192] - page.settings - {"XSSAuditingEnabled":false,"javascriptCanCloseWindows":true,"javascriptCanOpenWindows":true,"javascriptEnabled":true,"loadImages":true,"localToRemoteUrlAccessEnabled":false,"userAgent":"Mozilla/5.0 (X11; Linux x86_64) AppleWebKit/538.1 (KHTML, like Gecko) PhantomJS/2.1.1 Safari/538.1"}
[INFO  - 2018-03-26T13:40:21.336Z] Session [3aa0c760-30fb-11e8-a968-e121b6d45192] - page.customHeaders:  - {}
[INFO  - 2018-03-26T13:40:21.336Z] Session [3aa0c760-30fb-11e8-a968-e121b6d45192] - Session.negotiatedCapabilities - {"browserName":"phantomjs","version":"2.1.1","driverName":"ghostdriver","driverVersion":"1.2.0","platform":"linux-unknown-64bit","javascriptEnabled":true,"takesScreenshot":true,"handlesAlerts":false,"databaseEnabled":false,"locationContextEnabled":false,"applicationCacheEnabled":false,"browserConnectionEnabled":false,"cssSelectorsEnabled":true,"webStorageEnabled":false,"rotatable":false,"acceptSslCerts":false,"nativeEvents":true,"proxy":{"proxyType":"direct"}}
[INFO  - 2018-03-26T13:40:21.336Z] SessionManagerReqHand - _postNewSessionCommand - New Session Created: 3aa0c760-30fb-11e8-a968-e121b6d45192
[ERROR - 2018-03-26T13:40:21.576Z] RouterReqHand - _handle.error - {"line":40,"stack":"get\n_find\n_locateElements\n_handleLocateCommand\n_handle\n_reroute\n_handle"}
[ERROR - 2018-03-26T13:40:23.453Z] RouterReqHand - _handle.error - {"line":40,"stack":"get\n_find\n_locateElements\n_handleLocateCommand\n_handle\n_reroute\n_handle"}
[ERROR - 2018-03-26T13:40:25.357Z] RouterReqHand - _handle.error - {"line":40,"stack":"get\n_find\n_locateElements\n_handleLocateCommand\n_handle\n_reroute\n_handle"}
[ERROR - 2018-03-26T13:40:26.535Z] RouterReqHand - _handle.error - {"line":40,"stack":"get\n_find\n_locateElements\n_handleLocateCommand\n_handle\n_reroute\n_handle"}
[ERROR - 2018-03-26T13:40:27.766Z] RouterReqHand - _handle.error - {"line":40,"stack":"get\n_find\n_locateElements\n_handleLocateCommand\n_handle\n_reroute\n_handle"}
[ERROR - 2018-03-26T13:40:28.917Z] RouterReqHand - _handle.error - {"line":40,"stack":"get\n_find\n_locateElements\n_handleLocateCommand\n_handle\n_reroute\n_handle"}
[ERROR - 2018-03-26T13:40:30.144Z] RouterReqHand - _handle.error - {"line":40,"stack":"get\n_find\n_locateElements\n_handleLocateCommand\n_handle\n_reroute\n_handle"}
[ERROR - 2018-03-26T13:40:31.370Z] RouterReqHand - _handle.error - {"line":40,"stack":"get\n_find\n_locateElements\n_handleLocateCommand\n_handle\n_reroute\n_handle"}
[INFO  - 2018-03-26T13:40:32.089Z] ShutdownReqHand - _handle - About to shutdown
[INFO  - 2018-03-26T13:41:36.640Z] GhostDriver - Main - running on port 26582
[INFO  - 2018-03-26T13:41:36.696Z] Session [678bcd60-30fb-11e8-9911-6f038d877a40] - page.settings - {"XSSAuditingEnabled":false,"javascriptCanCloseWindows":true,"javascriptCanOpenWindows":true,"javascriptEnabled":true,"loadImages":true,"localToRemoteUrlAccessEnabled":false,"userAgent":"Mozilla/5.0 (Unknown; Linux x86_64) AppleWebKit/538.1 (KHTML, like Gecko) PhantomJS/2.1.1 Safari/538.1","webSecurityEnabled":true}
[INFO  - 2018-03-26T13:41:36.696Z] Session [678bcd60-30fb-11e8-9911-6f038d877a40] - page.customHeaders:  - {}
[INFO  - 2018-03-26T13:41:36.696Z] Session [678bcd60-30fb-11e8-9911-6f038d877a40] - Session.negotiatedCapabilities - {"browserName":"phantomjs","version":"2.1.1","driverName":"ghostdriver","driverVersion":"1.2.0","platform":"linux-unknown-64bit","javascriptEnabled":true,"takesScreenshot":true,"handlesAlerts":false,"databaseEnabled":false,"locationContextEnabled":false,"applicationCacheEnabled":false,"browserConnectionEnabled":false,"cssSelectorsEnabled":true,"webStorageEnabled":false,"rotatable":false,"acceptSslCerts":false,"nativeEvents":true,"proxy":{"proxyType":"direct"}}
[INFO  - 2018-03-26T13:41:36.696Z] SessionManagerReqHand - _postNewSessionCommand - New Session Created: 678bcd60-30fb-11e8-9911-6f038d877a40
[INFO  - 2018-03-26T13:41:47.397Z] ShutdownReqHand - _handle - About to shutdown
[INFO  - 2018-03-26T13:42:18.900Z] GhostDriver - Main - running on port 12253
[INFO  - 2018-03-26T13:42:18.948Z] Session [80baf220-30fb-11e8-b040-815969b9d861] - page.settings - {"XSSAuditingEnabled":false,"javascriptCanCloseWindows":true,"javascriptCanOpenWindows":true,"javascriptEnabled":true,"loadImages":true,"localToRemoteUrlAccessEnabled":false,"userAgent":"Mozilla/5.0 (Unknown; Linux x86_64) AppleWebKit/538.1 (KHTML, like Gecko) PhantomJS/2.1.1 Safari/538.1","webSecurityEnabled":true}
[INFO  - 2018-03-26T13:42:18.949Z] Session [80baf220-30fb-11e8-b040-815969b9d861] - page.customHeaders:  - {}
[INFO  - 2018-03-26T13:42:18.949Z] Session [80baf220-30fb-11e8-b040-815969b9d861] - Session.negotiatedCapabilities - {"browserName":"phantomjs","version":"2.1.1","driverName":"ghostdriver","driverVersion":"1.2.0","platform":"linux-unknown-64bit","javascriptEnabled":true,"takesScreenshot":true,"handlesAlerts":false,"databaseEnabled":false,"locationContextEnabled":false,"applicationCacheEnabled":false,"browserConnectionEnabled":false,"cssSelectorsEnabled":true,"webStorageEnabled":false,"rotatable":false,"acceptSslCerts":false,"nativeEvents":true,"proxy":{"proxyType":"direct"}}
[INFO  - 2018-03-26T13:42:18.949Z] SessionManagerReqHand - _postNewSessionCommand - New Session Created: 80baf220-30fb-11e8-b040-815969b9d861
[INFO  - 2018-03-26T13:42:29.650Z] ShutdownReqHand - _handle - About to shutdown
[INFO  - 2018-03-26T13:43:01.711Z] GhostDriver - Main - running on port 32274
[INFO  - 2018-03-26T13:43:01.761Z] Session [9a3fb0f0-30fb-11e8-934b-9db02c083beb] - page.settings - {"XSSAuditingEnabled":false,"javascriptCanCloseWindows":true,"javascriptCanOpenWindows":true,"javascriptEnabled":true,"loadImages":true,"localToRemoteUrlAccessEnabled":false,"userAgent":"Mozilla/5.0 (Unknown; Linux x86_64) AppleWebKit/538.1 (KHTML, like Gecko) PhantomJS/2.1.1 Safari/538.1","webSecurityEnabled":true}
[INFO  - 2018-03-26T13:43:01.763Z] Session [9a3fb0f0-30fb-11e8-934b-9db02c083beb] - page.customHeaders:  - {}
[INFO  - 2018-03-26T13:43:01.763Z] Session [9a3fb0f0-30fb-11e8-934b-9db02c083beb] - Session.negotiatedCapabilities - {"browserName":"phantomjs","version":"2.1.1","driverName":"ghostdriver","driverVersion":"1.2.0","platform":"linux-unknown-64bit","javascriptEnabled":true,"takesScreenshot":true,"handlesAlerts":false,"databaseEnabled":false,"locationContextEnabled":false,"applicationCacheEnabled":false,"browserConnectionEnabled":false,"cssSelectorsEnabled":true,"webStorageEnabled":false,"rotatable":false,"acceptSslCerts":false,"nativeEvents":true,"proxy":{"proxyType":"direct"}}
[INFO  - 2018-03-26T13:43:01.763Z] SessionManagerReqHand - _postNewSessionCommand - New Session Created: 9a3fb0f0-30fb-11e8-934b-9db02c083beb
[INFO  - 2018-03-26T13:43:12.318Z] ShutdownReqHand - _handle - About to shutdown
[INFO  - 2018-03-26T13:44:01.731Z] GhostDriver - Main - running on port 15612
[INFO  - 2018-03-26T13:44:01.785Z] Session [be067960-30fb-11e8-8534-fd6c99710927] - page.settings - {"XSSAuditingEnabled":false,"javascriptCanCloseWindows":true,"javascriptCanOpenWindows":true,"javascriptEnabled":true,"loadImages":true,"localToRemoteUrlAccessEnabled":false,"userAgent":"Mozilla/5.0 (Unknown; Linux x86_64) AppleWebKit/538.1 (KHTML, like Gecko) PhantomJS/2.1.1 Safari/538.1","webSecurityEnabled":true}
[INFO  - 2018-03-26T13:44:01.787Z] Session [be067960-30fb-11e8-8534-fd6c99710927] - page.customHeaders:  - {}
[INFO  - 2018-03-26T13:44:01.787Z] Session [be067960-30fb-11e8-8534-fd6c99710927] - Session.negotiatedCapabilities - {"browserName":"phantomjs","version":"2.1.1","driverName":"ghostdriver","driverVersion":"1.2.0","platform":"linux-unknown-64bit","javascriptEnabled":true,"takesScreenshot":true,"handlesAlerts":false,"databaseEnabled":false,"locationContextEnabled":false,"applicationCacheEnabled":false,"browserConnectionEnabled":false,"cssSelectorsEnabled":true,"webStorageEnabled":false,"rotatable":false,"acceptSslCerts":false,"nativeEvents":true,"proxy":{"proxyType":"direct"}}
[INFO  - 2018-03-26T13:44:01.787Z] SessionManagerReqHand - _postNewSessionCommand - New Session Created: be067960-30fb-11e8-8534-fd6c99710927
[INFO  - 2018-03-26T13:44:12.535Z] ShutdownReqHand - _handle - About to shutdown
[INFO  - 2018-03-26T13:45:32.320Z] GhostDriver - Main - running on port 11807
[INFO  - 2018-03-26T13:45:32.478Z] Session [f41520b0-30fb-11e8-9e3e-47ffff10bb77] - page.settings - {"XSSAuditingEnabled":false,"javascriptCanCloseWindows":true,"javascriptCanOpenWindows":true,"javascriptEnabled":true,"loadImages":true,"localToRemoteUrlAccessEnabled":false,"userAgent":"Mozilla/5.0 (Unknown; Linux x86_64) AppleWebKit/538.1 (KHTML, like Gecko) PhantomJS/2.1.1 Safari/538.1","webSecurityEnabled":true}
[INFO  - 2018-03-26T13:45:32.479Z] Session [f41520b0-30fb-11e8-9e3e-47ffff10bb77] - page.customHeaders:  - {}
[INFO  - 2018-03-26T13:45:32.479Z] Session [f41520b0-30fb-11e8-9e3e-47ffff10bb77] - Session.negotiatedCapabilities - {"browserName":"phantomjs","version":"2.1.1","driverName":"ghostdriver","driverVersion":"1.2.0","platform":"linux-unknown-64bit","javascriptEnabled":true,"takesScreenshot":true,"handlesAlerts":false,"databaseEnabled":false,"locationContextEnabled":false,"applicationCacheEnabled":false,"browserConnectionEnabled":false,"cssSelectorsEnabled":true,"webStorageEnabled":false,"rotatable":false,"acceptSslCerts":false,"nativeEvents":true,"proxy":{"proxyType":"direct"}}
[INFO  - 2018-03-26T13:45:32.479Z] SessionManagerReqHand - _postNewSessionCommand - New Session Created: f41520b0-30fb-11e8-9e3e-47ffff10bb77
[INFO  - 2018-03-26T13:45:43.186Z] ShutdownReqHand - _handle - About to shutdown
[INFO  - 2018-03-26T13:46:03.790Z] GhostDriver - Main - running on port 24637
[INFO  - 2018-03-26T13:46:03.890Z] Session [06cdc2c0-30fc-11e8-93e1-7d0f370d730a] - page.settings - {"XSSAuditingEnabled":false,"javascriptCanCloseWindows":true,"javascriptCanOpenWindows":true,"javascriptEnabled":true,"loadImages":true,"localToRemoteUrlAccessEnabled":false,"userAgent":"Mozilla/5.0 (Unknown; Linux x86_64) AppleWebKit/538.1 (KHTML, like Gecko) PhantomJS/2.1.1 Safari/538.1","webSecurityEnabled":true}
[INFO  - 2018-03-26T13:46:03.890Z] Session [06cdc2c0-30fc-11e8-93e1-7d0f370d730a] - page.customHeaders:  - {}
[INFO  - 2018-03-26T13:46:03.891Z] Session [06cdc2c0-30fc-11e8-93e1-7d0f370d730a] - Session.negotiatedCapabilities - {"browserName":"phantomjs","version":"2.1.1","driverName":"ghostdriver","driverVersion":"1.2.0","platform":"linux-unknown-64bit","javascriptEnabled":true,"takesScreenshot":true,"handlesAlerts":false,"databaseEnabled":false,"locationContextEnabled":false,"applicationCacheEnabled":false,"browserConnectionEnabled":false,"cssSelectorsEnabled":true,"webStorageEnabled":false,"rotatable":false,"acceptSslCerts":false,"nativeEvents":true,"proxy":{"proxyType":"direct"}}
[INFO  - 2018-03-26T13:46:03.891Z] SessionManagerReqHand - _postNewSessionCommand - New Session Created: 06cdc2c0-30fc-11e8-93e1-7d0f370d730a
[ERROR - 2018-03-26T13:46:05.497Z] WebElementLocator - _handleLocateCommand - Element(s) NOT Found: GAVE UP. Search Stop Time: 1522071965482
[ERROR - 2018-03-26T13:46:08.544Z] WebElementLocator - _handleLocateCommand - Element(s) NOT Found: GAVE UP. Search Stop Time: 1522071968521
[INFO  - 2018-03-26T13:46:10.532Z] ShutdownReqHand - _handle - About to shutdown
[INFO  - 2018-03-26T13:46:10.632Z] GhostDriver - Main - running on port 2302
[INFO  - 2018-03-26T13:46:10.641Z] Session [0ad47df0-30fc-11e8-b980-c382ea6f1303] - page.settings - {"XSSAuditingEnabled":false,"javascriptCanCloseWindows":true,"javascriptCanOpenWindows":true,"javascriptEnabled":true,"loadImages":true,"localToRemoteUrlAccessEnabled":false,"userAgent":"Mozilla/5.0 (Unknown; Linux x86_64) AppleWebKit/538.1 (KHTML, like Gecko) PhantomJS/2.1.1 Safari/538.1","webSecurityEnabled":true}
[INFO  - 2018-03-26T13:46:10.642Z] Session [0ad47df0-30fc-11e8-b980-c382ea6f1303] - page.customHeaders:  - {}
[INFO  - 2018-03-26T13:46:10.642Z] Session [0ad47df0-30fc-11e8-b980-c382ea6f1303] - Session.negotiatedCapabilities - {"browserName":"phantomjs","version":"2.1.1","driverName":"ghostdriver","driverVersion":"1.2.0","platform":"linux-unknown-64bit","javascriptEnabled":true,"takesScreenshot":true,"handlesAlerts":false,"databaseEnabled":false,"locationContextEnabled":false,"applicationCacheEnabled":false,"browserConnectionEnabled":false,"cssSelectorsEnabled":true,"webStorageEnabled":false,"rotatable":false,"acceptSslCerts":false,"nativeEvents":true,"proxy":{"proxyType":"direct"}}
[INFO  - 2018-03-26T13:46:10.642Z] SessionManagerReqHand - _postNewSessionCommand - New Session Created: 0ad47df0-30fc-11e8-b980-c382ea6f1303
[INFO  - 2018-03-26T13:46:21.101Z] ShutdownReqHand - _handle - About to shutdown
